[INFO] Scanning for projects...
[INFO]                                                                         
[INFO] ------------------------------------------------------------------------
[INFO] Building demo 1.0
[INFO] ------------------------------------------------------------------------
[INFO] 
[INFO] --- maven-resources-plugin:2.6:resources (default-resources) @ demo ---
[INFO] Using 'UTF-8' encoding to copy filtered resources.
[INFO] Copying 1 resource
[INFO] Copying 43 resources
[INFO] 
[INFO] --- maven-compiler-plugin:3.1:compile (default-compile) @ demo ---
[INFO] Changes detected - recompiling the module!
[INFO] Compiling 56 source files to C:\workspace\spring-boot\demo\target\classes
[WARNING] /C:/workspace/spring-boot/demo/src/main/java/com/gota/util/ObjectExcelView.java: 某些输入文件使用或覆盖了已过时的 API。
[WARNING] /C:/workspace/spring-boot/demo/src/main/java/com/gota/util/ObjectExcelView.java: 有关详细信息, 请使用 -Xlint:deprecation 重新编译。
[WARNING] /C:/workspace/spring-boot/demo/src/main/java/com/gota/service/system/role/RoleService.java: 某些输入文件使用了未经检查或不安全的操作。
[WARNING] /C:/workspace/spring-boot/demo/src/main/java/com/gota/service/system/role/RoleService.java: 有关详细信息, 请使用 -Xlint:unchecked 重新编译。
[INFO] 
[INFO] --- maven-resources-plugin:2.6:testResources (default-testResources) @ demo ---
[INFO] Using 'UTF-8' encoding to copy filtered resources.
[INFO] skip non existing resourceDirectory C:\workspace\spring-boot\demo\src\test\resources
[INFO] 
[INFO] --- maven-compiler-plugin:3.1:testCompile (default-testCompile) @ demo ---
[INFO] Nothing to compile - all classes are up to date
[INFO] 
[INFO] --- maven-surefire-plugin:2.18.1:test (default-test) @ demo ---
[INFO] No tests to run.
[INFO] 
[INFO] --- maven-war-plugin:2.5:war (default-war) @ demo ---
[INFO] Packaging webapp
[INFO] Assembling webapp [demo] in [C:\workspace\spring-boot\demo\target\demo-1.0]
[INFO] Processing war project
[INFO] Copying webapp resources [C:\workspace\spring-boot\demo\src\main\webapp]
[INFO] Webapp assembled in [74609 msecs]
[INFO] Building war: C:\workspace\spring-boot\demo\target\demo-1.0.war
[INFO] 
[INFO] --- spring-boot-maven-plugin:1.3.5.RELEASE:repackage (default) @ demo ---
[INFO] ------------------------------------------------------------------------
[INFO] BUILD SUCCESS
[INFO] ------------------------------------------------------------------------
[INFO] Total time: 01:56 min
[INFO] Finished at: 2016-07-11T10:40:07+08:00
[INFO] Final Memory: 56M/291M
[INFO] ------------------------------------------------------------------------
[INFO] Scanning for projects...
[INFO]                                                                         
[INFO] ------------------------------------------------------------------------
[INFO] Building demo 1.0
[INFO] ------------------------------------------------------------------------
[INFO] 
[INFO] --- maven-resources-plugin:2.6:resources (default-resources) @ demo ---
[INFO] Using 'UTF-8' encoding to copy filtered resources.
[INFO] Copying 1 resource
[INFO] Copying 43 resources
[INFO] 
[INFO] --- maven-compiler-plugin:3.1:compile (default-compile) @ demo ---
[INFO] Changes detected - recompiling the module!
[INFO] Compiling 56 source files to C:\workspace\spring-boot\demo\target\classes
[WARNING] /C:/workspace/spring-boot/demo/src/main/java/com/gota/util/ObjectExcelView.java: 某些输入文件使用或覆盖了已过时的 API。
[WARNING] /C:/workspace/spring-boot/demo/src/main/java/com/gota/util/ObjectExcelView.java: 有关详细信息, 请使用 -Xlint:deprecation 重新编译。
[WARNING] /C:/workspace/spring-boot/demo/src/main/java/com/gota/service/system/role/RoleService.java: 某些输入文件使用了未经检查或不安全的操作。
[WARNING] /C:/workspace/spring-boot/demo/src/main/java/com/gota/service/system/role/RoleService.java: 有关详细信息, 请使用 -Xlint:unchecked 重新编译。
[INFO] 
[INFO] --- maven-resources-plugin:2.6:testResources (default-testResources) @ demo ---
[INFO] Using 'UTF-8' encoding to copy filtered resources.
[INFO] skip non existing resourceDirectory C:\workspace\spring-boot\demo\src\test\resources
[INFO] 
[INFO] --- maven-compiler-plugin:3.1:testCompile (default-testCompile) @ demo ---
[INFO] Nothing to compile - all classes are up to date
[INFO] 
[INFO] --- maven-surefire-plugin:2.18.1:test (default-test) @ demo ---
[INFO] No tests to run.
[INFO] 
[INFO] --- maven-war-plugin:2.5:war (default-war) @ demo ---
[INFO] Packaging webapp
[INFO] Assembling webapp [demo] in [C:\workspace\spring-boot\demo\target\demo-1.0]
[INFO] Processing war project
[INFO] Copying webapp resources [C:\workspace\spring-boot\demo\src\main\webapp]
[INFO] Webapp assembled in [35248 msecs]
[INFO] Building war: C:\workspace\spring-boot\demo\target\demo-1.0.war
[INFO] 
[INFO] --- spring-boot-maven-plugin:1.3.5.RELEASE:repackage (default) @ demo ---
[INFO] ------------------------------------------------------------------------
[INFO] BUILD SUCCESS
[INFO] ------------------------------------------------------------------------
[INFO] Total time: 58.329 s
[INFO] Finished at: 2016-07-11T11:12:22+08:00
[INFO] Final Memory: 39M/333M
[INFO] ------------------------------------------------------------------------
[INFO] Scanning for projects...
[INFO]                                                                         
[INFO] ------------------------------------------------------------------------
[INFO] Building demo 1.0
[INFO] ------------------------------------------------------------------------
[INFO] 
[INFO] --- maven-resources-plugin:2.6:resources (default-resources) @ demo ---
[INFO] Using 'UTF-8' encoding to copy filtered resources.
[INFO] Copying 1 resource
[INFO] Copying 43 resources
[INFO] 
[INFO] --- maven-compiler-plugin:3.1:compile (default-compile) @ demo ---
[INFO] Nothing to compile - all classes are up to date
[INFO] 
[INFO] --- maven-resources-plugin:2.6:testResources (default-testResources) @ demo ---
[INFO] Using 'UTF-8' encoding to copy filtered resources.
[INFO] skip non existing resourceDirectory C:\workspace\spring-boot\demo\src\test\resources
[INFO] 
[INFO] --- maven-compiler-plugin:3.1:testCompile (default-testCompile) @ demo ---
[INFO] Nothing to compile - all classes are up to date
[INFO] 
[INFO] --- maven-surefire-plugin:2.18.1:test (default-test) @ demo ---
[INFO] No tests to run.
[INFO] 
[INFO] --- maven-war-plugin:2.5:war (default-war) @ demo ---
[INFO] Packaging webapp
[INFO] Assembling webapp [demo] in [C:\workspace\spring-boot\demo\target\demo-1.0]
[INFO] Processing war project
[INFO] Copying webapp resources [C:\workspace\spring-boot\demo\src\main\webapp]
[INFO] Webapp assembled in [29503 msecs]
[INFO] Building war: C:\workspace\spring-boot\demo\target\demo-1.0.war
[INFO] 
[INFO] --- spring-boot-maven-plugin:1.3.5.RELEASE:repackage (default) @ demo ---
[INFO] ------------------------------------------------------------------------
[INFO] BUILD SUCCESS
[INFO] ------------------------------------------------------------------------
[INFO] Total time: 49.442 s
[INFO] Finished at: 2016-07-11T11:15:34+08:00
[INFO] Final Memory: 39M/328M
[INFO] ------------------------------------------------------------------------
[INFO] Scanning for projects...
[INFO]                                                                         
[INFO] ------------------------------------------------------------------------
[INFO] Building demo 1.0
[INFO] ------------------------------------------------------------------------
[INFO] 
[INFO] --- maven-resources-plugin:2.6:resources (default-resources) @ demo ---
[INFO] Using 'UTF-8' encoding to copy filtered resources.
[INFO] Copying 1 resource
[INFO] Copying 43 resources
[INFO] 
[INFO] --- maven-compiler-plugin:3.1:compile (default-compile) @ demo ---
[INFO] Nothing to compile - all classes are up to date
[INFO] 
[INFO] --- maven-resources-plugin:2.6:testResources (default-testResources) @ demo ---
[INFO] Using 'UTF-8' encoding to copy filtered resources.
[INFO] skip non existing resourceDirectory C:\workspace\spring-boot\demo\src\test\resources
[INFO] 
[INFO] --- maven-compiler-plugin:3.1:testCompile (default-testCompile) @ demo ---
[INFO] Nothing to compile - all classes are up to date
[INFO] 
[INFO] --- maven-surefire-plugin:2.18.1:test (default-test) @ demo ---
[INFO] No tests to run.
[INFO] 
[INFO] --- maven-war-plugin:2.5:war (default-war) @ demo ---
[INFO] Packaging webapp
[INFO] Assembling webapp [demo] in [C:\workspace\spring-boot\demo\target\demo-1.0]
[INFO] Processing war project
[INFO] Copying webapp resources [C:\workspace\spring-boot\demo\src\main\webapp]
[INFO] Webapp assembled in [29632 msecs]
[INFO] Building war: C:\workspace\spring-boot\demo\target\demo-1.0.war
[INFO] 
[INFO] --- spring-boot-maven-plugin:1.3.5.RELEASE:repackage (default) @ demo ---
[INFO] ------------------------------------------------------------------------
[INFO] BUILD SUCCESS
[INFO] ------------------------------------------------------------------------
[INFO] Total time: 50.973 s
[INFO] Finished at: 2016-07-11T11:19:48+08:00
[INFO] Final Memory: 39M/325M
[INFO] ------------------------------------------------------------------------
[INFO] Scanning for projects...
[INFO]                                                                         
[INFO] ------------------------------------------------------------------------
[INFO] Building demo 1.0
[INFO] ------------------------------------------------------------------------
[INFO] 
[INFO] --- maven-resources-plugin:2.6:resources (default-resources) @ demo ---
[INFO] Using 'UTF-8' encoding to copy filtered resources.
[INFO] Copying 1 resource
[INFO] Copying 43 resources
[INFO] 
[INFO] --- maven-compiler-plugin:3.1:compile (default-compile) @ demo ---
[INFO] Nothing to compile - all classes are up to date
[INFO] 
[INFO] --- maven-resources-plugin:2.6:testResources (default-testResources) @ demo ---
[INFO] Using 'UTF-8' encoding to copy filtered resources.
[INFO] skip non existing resourceDirectory C:\workspace\spring-boot\demo\src\test\resources
[INFO] 
[INFO] --- maven-compiler-plugin:3.1:testCompile (default-testCompile) @ demo ---
[INFO] Nothing to compile - all classes are up to date
[INFO] 
[INFO] --- maven-surefire-plugin:2.18.1:test (default-test) @ demo ---
[INFO] No tests to run.
[INFO] 
[INFO] --- maven-war-plugin:2.5:war (default-war) @ demo ---
[INFO] Packaging webapp
[INFO] Assembling webapp [demo] in [C:\workspace\spring-boot\demo\target\demo-1.0]
[INFO] Processing war project
[INFO] Copying webapp resources [C:\workspace\spring-boot\demo\src\main\webapp]
[INFO] Webapp assembled in [28934 msecs]
[INFO] Building war: C:\workspace\spring-boot\demo\target\demo-1.0.war
[INFO] 
[INFO] --- spring-boot-maven-plugin:1.3.5.RELEASE:repackage (default) @ demo ---
[INFO] ------------------------------------------------------------------------
[INFO] BUILD SUCCESS
[INFO] ------------------------------------------------------------------------
[INFO] Total time: 48.271 s
[INFO] Finished at: 2016-07-11T11:25:01+08:00
[INFO] Final Memory: 39M/327M
[INFO] ------------------------------------------------------------------------
[INFO] Scanning for projects...
[INFO]                                                                         
[INFO] ------------------------------------------------------------------------
[INFO] Building demo 1.0
[INFO] ------------------------------------------------------------------------
[INFO] 
[INFO] --- maven-resources-plugin:2.6:resources (default-resources) @ demo ---
[INFO] Using 'UTF-8' encoding to copy filtered resources.
[INFO] Copying 1 resource
[INFO] Copying 43 resources
[INFO] 
[INFO] --- maven-compiler-plugin:3.1:compile (default-compile) @ demo ---
[INFO] Nothing to compile - all classes are up to date
[INFO] 
[INFO] --- maven-resources-plugin:2.6:testResources (default-testResources) @ demo ---
[INFO] Using 'UTF-8' encoding to copy filtered resources.
[INFO] skip non existing resourceDirectory C:\workspace\spring-boot\demo\src\test\resources
[INFO] 
[INFO] --- maven-compiler-plugin:3.1:testCompile (default-testCompile) @ demo ---
[INFO] Nothing to compile - all classes are up to date
[INFO] 
[INFO] --- maven-surefire-plugin:2.18.1:test (default-test) @ demo ---
[INFO] No tests to run.
[INFO] 
[INFO] --- maven-war-plugin:2.5:war (default-war) @ demo ---
[INFO] Packaging webapp
[INFO] Assembling webapp [demo] in [C:\workspace\spring-boot\demo\target\demo-1.0]
[INFO] Processing war project
[INFO] Copying webapp resources [C:\workspace\spring-boot\demo\src\main\webapp]
[INFO] Webapp assembled in [29265 msecs]
[INFO] Building war: C:\workspace\spring-boot\demo\target\demo-1.0.war
[INFO] 
[INFO] --- spring-boot-maven-plugin:1.3.5.RELEASE:repackage (default) @ demo ---
[INFO] ------------------------------------------------------------------------
[INFO] BUILD SUCCESS
[INFO] ------------------------------------------------------------------------
[INFO] Total time: 48.986 s
[INFO] Finished at: 2016-07-11T11:28:06+08:00
[INFO] Final Memory: 39M/322M
[INFO] ------------------------------------------------------------------------
[INFO] Scanning for projects...
[INFO]                                                                         
[INFO] ------------------------------------------------------------------------
[INFO] Building demo 1.0
[INFO] ------------------------------------------------------------------------
[INFO] 
[INFO] --- maven-resources-plugin:2.6:resources (default-resources) @ demo ---
[INFO] Using 'UTF-8' encoding to copy filtered resources.
[INFO] Copying 1 resource
[INFO] Copying 46 resources
[INFO] 
[INFO] --- maven-compiler-plugin:3.1:compile (default-compile) @ demo ---
[INFO] Nothing to compile - all classes are up to date
[INFO] 
[INFO] --- maven-resources-plugin:2.6:testResources (default-testResources) @ demo ---
[INFO] Using 'UTF-8' encoding to copy filtered resources.
[INFO] skip non existing resourceDirectory C:\workspace\spring-boot\demo\src\test\resources
[INFO] 
[INFO] --- maven-compiler-plugin:3.1:testCompile (default-testCompile) @ demo ---
[INFO] Nothing to compile - all classes are up to date
[INFO] 
[INFO] --- maven-surefire-plugin:2.18.1:test (default-test) @ demo ---
[INFO] No tests to run.
[INFO] 
[INFO] --- maven-war-plugin:2.5:war (default-war) @ demo ---
[INFO] Packaging webapp
[INFO] Assembling webapp [demo] in [C:\workspace\spring-boot\demo\target\demo-1.0]
[INFO] Processing war project
[INFO] Copying webapp resources [C:\workspace\spring-boot\demo\src\main\webapp]
[INFO] Webapp assembled in [62139 msecs]
[INFO] Building war: C:\workspace\spring-boot\demo\target\demo-1.0.war
[INFO] 
[INFO] --- spring-boot-maven-plugin:1.3.5.RELEASE:repackage (default) @ demo ---
[INFO] ------------------------------------------------------------------------
[INFO] BUILD SUCCESS
[INFO] ------------------------------------------------------------------------
[INFO] Total time: 01:32 min
[INFO] Finished at: 2016-07-11T14:14:24+08:00
[INFO] Final Memory: 23M/200M
[INFO] ------------------------------------------------------------------------
[INFO] Scanning for projects...
[INFO]                                                                         
[INFO] ------------------------------------------------------------------------
[INFO] Building demo 1.0
[INFO] ------------------------------------------------------------------------
[INFO] 
[INFO] --- maven-resources-plugin:2.6:resources (default-resources) @ demo ---
[INFO] Using 'UTF-8' encoding to copy filtered resources.
[INFO] Copying 1 resource
[INFO] Copying 46 resources
[INFO] 
[INFO] --- maven-compiler-plugin:3.1:compile (default-compile) @ demo ---
[INFO] Changes detected - recompiling the module!
[INFO] Compiling 56 source files to C:\workspace\spring-boot\demo\target\classes
[WARNING] /C:/workspace/spring-boot/demo/src/main/java/com/gota/util/ObjectExcelView.java: 某些输入文件使用或覆盖了已过时的 API。
[WARNING] /C:/workspace/spring-boot/demo/src/main/java/com/gota/util/ObjectExcelView.java: 有关详细信息, 请使用 -Xlint:deprecation 重新编译。
[WARNING] /C:/workspace/spring-boot/demo/src/main/java/com/gota/service/system/role/RoleService.java: 某些输入文件使用了未经检查或不安全的操作。
[WARNING] /C:/workspace/spring-boot/demo/src/main/java/com/gota/service/system/role/RoleService.java: 有关详细信息, 请使用 -Xlint:unchecked 重新编译。
[INFO] 
[INFO] --- maven-resources-plugin:2.6:testResources (default-testResources) @ demo ---
[INFO] Using 'UTF-8' encoding to copy filtered resources.
[INFO] skip non existing resourceDirectory C:\workspace\spring-boot\demo\src\test\resources
[INFO] 
[INFO] --- maven-compiler-plugin:3.1:testCompile (default-testCompile) @ demo ---
[INFO] Nothing to compile - all classes are up to date
[INFO] 
[INFO] --- maven-surefire-plugin:2.18.1:test (default-test) @ demo ---
[INFO] No tests to run.
[INFO] 
[INFO] --- maven-war-plugin:2.5:war (default-war) @ demo ---
[INFO] Packaging webapp
[INFO] Assembling webapp [demo] in [C:\workspace\spring-boot\demo\target\demo-1.0]
[INFO] Processing war project
[INFO] Copying webapp resources [C:\workspace\spring-boot\demo\src\main\webapp]
[INFO] Webapp assembled in [59136 msecs]
[INFO] Building war: C:\workspace\spring-boot\demo\target\demo-1.0.war
[INFO] 
[INFO] --- spring-boot-maven-plugin:1.3.5.RELEASE:repackage (default) @ demo ---
[INFO] ------------------------------------------------------------------------
[INFO] BUILD SUCCESS
[INFO] ------------------------------------------------------------------------
[INFO] Total time: 01:30 min
[INFO] Finished at: 2016-07-11T15:52:41+08:00
[INFO] Final Memory: 56M/289M
[INFO] ------------------------------------------------------------------------
[INFO] Scanning for projects...
[INFO]                                                                         
[INFO] ------------------------------------------------------------------------
[INFO] Building demo 1.0
[INFO] ------------------------------------------------------------------------
[INFO] 
[INFO] --- maven-resources-plugin:2.6:resources (default-resources) @ demo ---
[INFO] Using 'UTF-8' encoding to copy filtered resources.
[INFO] Copying 1 resource
[INFO] Copying 46 resources
[INFO] 
[INFO] --- maven-compiler-plugin:3.1:compile (default-compile) @ demo ---
[INFO] Nothing to compile - all classes are up to date
[INFO] 
[INFO] --- maven-resources-plugin:2.6:testResources (default-testResources) @ demo ---
[INFO] Using 'UTF-8' encoding to copy filtered resources.
[INFO] skip non existing resourceDirectory C:\workspace\spring-boot\demo\src\test\resources
[INFO] 
[INFO] --- maven-compiler-plugin:3.1:testCompile (default-testCompile) @ demo ---
[INFO] Nothing to compile - all classes are up to date
[INFO] 
[INFO] --- maven-surefire-plugin:2.18.1:test (default-test) @ demo ---
[INFO] No tests to run.
[INFO] 
[INFO] --- maven-war-plugin:2.5:war (default-war) @ demo ---
[INFO] Packaging webapp
[INFO] Assembling webapp [demo] in [C:\workspace\spring-boot\demo\target\demo-1.0]
[INFO] Processing war project
[INFO] Copying webapp resources [C:\workspace\spring-boot\demo\src\main\webapp]
[INFO] Webapp assembled in [30077 msecs]
[INFO] Building war: C:\workspace\spring-boot\demo\target\demo-1.0.war
[INFO] 
[INFO] --- spring-boot-maven-plugin:1.3.5.RELEASE:repackage (default) @ demo ---
[INFO] ------------------------------------------------------------------------
[INFO] BUILD SUCCESS
[INFO] ------------------------------------------------------------------------
[INFO] Total time: 51.874 s
[INFO] Finished at: 2016-07-11T16:12:27+08:00
[INFO] Final Memory: 21M/213M
[INFO] ------------------------------------------------------------------------
[INFO] Scanning for projects...
[INFO]                                                                         
[INFO] ------------------------------------------------------------------------
[INFO] Building demo 1.0
[INFO] ------------------------------------------------------------------------
[INFO] 
[INFO] --- maven-resources-plugin:2.6:resources (default-resources) @ demo ---
[INFO] Using 'UTF-8' encoding to copy filtered resources.
[INFO] Copying 1 resource
[INFO] Copying 46 resources
[INFO] 
[INFO] --- maven-compiler-plugin:3.1:compile (default-compile) @ demo ---
[INFO] Changes detected - recompiling the module!
[INFO] Compiling 56 source files to C:\workspace\spring-boot\demo\target\classes
[WARNING] /C:/workspace/spring-boot/demo/src/main/java/com/gota/util/ObjectExcelView.java: 某些输入文件使用或覆盖了已过时的 API。
[WARNING] /C:/workspace/spring-boot/demo/src/main/java/com/gota/util/ObjectExcelView.java: 有关详细信息, 请使用 -Xlint:deprecation 重新编译。
[WARNING] /C:/workspace/spring-boot/demo/src/main/java/com/gota/service/system/role/RoleService.java: 某些输入文件使用了未经检查或不安全的操作。
[WARNING] /C:/workspace/spring-boot/demo/src/main/java/com/gota/service/system/role/RoleService.java: 有关详细信息, 请使用 -Xlint:unchecked 重新编译。
[INFO] 
[INFO] --- maven-resources-plugin:2.6:testResources (default-testResources) @ demo ---
[INFO] Using 'UTF-8' encoding to copy filtered resources.
[INFO] skip non existing resourceDirectory C:\workspace\spring-boot\demo\src\test\resources
[INFO] 
[INFO] --- maven-compiler-plugin:3.1:testCompile (default-testCompile) @ demo ---
[INFO] Nothing to compile - all classes are up to date
[INFO] 
[INFO] --- maven-surefire-plugin:2.18.1:test (default-test) @ demo ---
[INFO] 
[INFO] --- maven-war-plugin:2.5:war (default-war) @ demo ---
[INFO] Packaging webapp
[INFO] Assembling webapp [demo] in [C:\workspace\spring-boot\demo\target\demo-1.0]
[INFO] Processing war project
[INFO] Copying webapp resources [C:\workspace\spring-boot\demo\src\main\webapp]
[INFO] Webapp assembled in [54814 msecs]
[INFO] Building war: C:\workspace\spring-boot\demo\target\demo-1.0.war
[INFO] 
[INFO] --- spring-boot-maven-plugin:1.3.5.RELEASE:repackage (default) @ demo ---
[INFO] ------------------------------------------------------------------------
[INFO] BUILD SUCCESS
[INFO] ------------------------------------------------------------------------
[INFO] Total time: 01:27 min
[INFO] Finished at: 2016-07-12T08:48:06+08:00
[INFO] Final Memory: 36M/355M
[INFO] ------------------------------------------------------------------------
